Operating system: Microsoft Windows NT 6.2.9200.0
Opening game "C:\Users\Twan v. Beusichem\Documents\GitHub\RSDK-GDT\SonLVL.ini"...
Game type is V4.
Loading Blueprint Zone ...
Drawing tile bitmaps...
Drawing collision bitmaps...
Drawing chunk bitmaps...
Level loaded in 0,280232 second(s).
Load completed.
Saving Blueprint Zone ...
System.ComponentModel.Win32Exception (0x80004005): The system cannot find the file specified
   at System.Diagnostics.Process.StartWithShellExecuteEx(ProcessStartInfo startInfo)
   at System.Diagnostics.Process.Start(ProcessStartInfo startInfo)
   at System.Windows.Forms.ToolStripItem.RaiseEvent(Object key, EventArgs e)
   at System.Windows.Forms.ToolStripMenuItem.OnClick(EventArgs e)
   at System.Windows.Forms.ToolStripItem.HandleClick(EventArgs e)
   at System.Windows.Forms.ToolStripMenuItem.ProcessCmdKey(Message& m, Keys keyData)
   at System.Windows.Forms.ToolStripManager.ProcessShortcut(Message& m, Keys shortcut)
   at System.Windows.Forms.Form.ProcessCmdKey(Message& msg, Keys keyData)
   at System.Windows.Forms.Control.ProcessCmdKey(Message& msg, Keys keyData)
   at System.Windows.Forms.Control.PreProcessMessage(Message& msg)
   at System.Windows.Forms.Control.PreProcessControlMessageInternal(Control target, Message& msg)
   at System.Windows.Forms.Application.ThreadContext.PreTranslateMessage(MSG& msg)
Saving Blueprint Zone ...
System.ComponentModel.Win32Exception (0x80004005): The system cannot find the file specified
   at System.Diagnostics.Process.StartWithShellExecuteEx(ProcessStartInfo startInfo)
   at System.Diagnostics.Process.Start(ProcessStartInfo startInfo)
   at System.Windows.Forms.ToolStripItem.RaiseEvent(Object key, EventArgs e)
   at System.Windows.Forms.ToolStripMenuItem.OnClick(EventArgs e)
   at System.Windows.Forms.ToolStripItem.HandleClick(EventArgs e)
   at System.Windows.Forms.ToolStripMenuItem.ProcessCmdKey(Message& m, Keys keyData)
   at System.Windows.Forms.ToolStripManager.ProcessShortcut(Message& m, Keys shortcut)
   at System.Windows.Forms.Form.ProcessCmdKey(Message& msg, Keys keyData)
   at System.Windows.Forms.Control.ProcessCmdKey(Message& msg, Keys keyData)
   at System.Windows.Forms.Control.ProcessCmdKey(Message& msg, Keys keyData)
   at System.Windows.Forms.Control.ProcessCmdKey(Message& msg, Keys keyData)
   at System.Windows.Forms.Control.ProcessCmdKey(Message& msg, Keys keyData)
   at System.Windows.Forms.Control.ProcessCmdKey(Message& msg, Keys keyData)
   at System.Windows.Forms.Control.ProcessCmdKey(Message& msg, Keys keyData)
   at System.Windows.Forms.Control.ProcessCmdKey(Message& msg, Keys keyData)
   at System.Windows.Forms.ContainerControl.ProcessCmdKey(Message& msg, Keys keyData)
   at System.Windows.Forms.Control.PreProcessMessage(Message& msg)
   at System.Windows.Forms.Control.PreProcessControlMessageInternal(Control target, Message& msg)
   at System.Windows.Forms.Application.ThreadContext.PreTranslateMessage(MSG& msg)
Saving Blueprint Zone ...
Saving Blueprint Zone ...
Saving Blueprint Zone ...
Saving Blueprint Zone ...
Saving Blueprint Zone ...
Saving Blueprint Zone ...
Saving Blueprint Zone ...
Saving Blueprint Zone ...
Saving Blueprint Zone ...
Saving Blueprint Zone ...
Saving Blueprint Zone ...
Saving Blueprint Zone ...
Saving Blueprint Zone ...
Saving Blueprint Zone ...
Saving Blueprint Zone ...
Saving Blueprint Zone ...
Saving Blueprint Zone ...
Saving Blueprint Zone ...
Saving Blueprint Zone ...
Saving Blueprint Zone ...
Saving Blueprint Zone ...
Saving Blueprint Zone ...
Saving Blueprint Zone ...
Saving Blueprint Zone ...
Saving Blueprint Zone ...
Saving Blueprint Zone ...
Saving Blueprint Zone ...
Saving Blueprint Zone ...
Saving Blueprint Zone ...
Saving Blueprint Zone ...
Saving Blueprint Zone ...
Saving Blueprint Zone ...
Saving Blueprint Zone ...
Saving Blueprint Zone ...
System.ComponentModel.Win32Exception (0x80004005): The system cannot find the file specified
   at System.Diagnostics.Process.StartWithShellExecuteEx(ProcessStartInfo startInfo)
   at System.Diagnostics.Process.Start(ProcessStartInfo startInfo)
   at System.Windows.Forms.ToolStripItem.RaiseEvent(Object key, EventArgs e)
   at System.Windows.Forms.ToolStripMenuItem.OnClick(EventArgs e)
   at System.Windows.Forms.ToolStripItem.HandleClick(EventArgs e)
   at System.Windows.Forms.ToolStripItem.HandleMouseUp(MouseEventArgs e)
   at System.Windows.Forms.ToolStrip.OnMouseUp(MouseEventArgs mea)
   at System.Windows.Forms.ToolStripDropDown.OnMouseUp(MouseEventArgs mea)
   at System.Windows.Forms.Control.WmMouseUp(Message& m, MouseButtons button, Int32 clicks)
   at System.Windows.Forms.Control.WndProc(Message& m)
   at System.Windows.Forms.ToolStrip.WndProc(Message& m)
   at System.Windows.Forms.ToolStripDropDown.WndProc(Message& m)
   at System.Windows.Forms.NativeWindow.Callback(IntPtr hWnd, Int32 msg, IntPtr wparam, IntPtr lparam)
